Using pre-set license
Built from '2020.3/china_unity/release' branch; Version is '2020.3.32f1c1 (76260b79758e) revision 7742987'; Using compiler version '192528614'; Build Type 'Release'
OS: 'Windows 10  (10.0.19044) 64bit CoreCountrySpecific' Language: 'zh' Physical Memory: 16155 MB
BatchMode: 1, IsHumanControllingUs: 0, StartBugReporterOnCrash: 0, Is64bit: 1, IsPro: 0

COMMAND LINE ARGUMENTS:
E:\unity\Unity Editor\2020.3.32f1c1\Editor\Unity.exe
-adb2
-batchMode
-noUpm
-name
AssetImportWorker0
-projectPath
E:/游戏设计/FarmingDome
-logFile
Logs/AssetImportWorker0.log
-srvPort
60068
Successfully changed project path to: E:/游戏设计/FarmingDome
E:/游戏设计/FarmingDome
Using Asset Import Pipeline V2.
AS: AutoStreaming module initializing.Refreshing native plugins compatible for Editor in 85.44 ms, found 2 plugins.
Preloading 0 native plugins for Editor in 0.00 ms.
Initialize engine version: 2020.3.32f1c1 (76260b79758e)
[Subsystems] Discovering subsystems at path E:/unity/Unity Editor/2020.3.32f1c1/Editor/Data/Resources/UnitySubsystems
[Subsystems] Discovering subsystems at path E:/游戏设计/FarmingDome/Assets
GfxDevice: creating device client; threaded=0
Direct3D:
    Version:  Direct3D 11.0 [level 11.1]
    Renderer: NVIDIA GeForce GTX 1650 Ti (ID=0x1f95)
    Vendor:   
    VRAM:     3962 MB
    Driver:   30.0.15.1179
Initialize mono
Mono path[0] = 'E:/unity/Unity Editor/2020.3.32f1c1/Editor/Data/Managed'
Mono path[1] = 'E:/unity/Unity Editor/2020.3.32f1c1/Editor/Data/MonoBleedingEdge/lib/mono/unityjit'
Mono config path = 'E:/unity/Unity Editor/2020.3.32f1c1/Editor/Data/MonoBleedingEdge/etc'
Using monoOptions --debugger-agent=transport=dt_socket,embedding=1,server=y,suspend=n,address=127.0.0.1:56804
Begin MonoManager ReloadAssembly
Registering precompiled unity dll's ...
Register platform support module: E:/unity/Unity Editor/2020.3.32f1c1/Editor/Data/PlaybackEngines/WindowsStandaloneSupport/UnityEditor.WindowsStandalone.Extensions.dll
Registered in 0.002860 seconds.
Native extension for WindowsStandalone target not found
Refreshing native plugins compatible for Editor in 77.24 ms, found 2 plugins.
Preloading 0 native plugins for Editor in 0.00 ms.
Mono: successfully reloaded assembly
- Completed reload, in  0.787 seconds
Domain Reload Profiling:
	ReloadAssembly (787ms)
		BeginReloadAssembly (101ms)
			ExecutionOrderSort (0ms)
			DisableScriptedObjects (0ms)
			BackupInstance (0ms)
			ReleaseScriptingObjects (0ms)
			CreateAndSetChildDomain (1ms)
		EndReloadAssembly (595ms)
			LoadAssemblies (98ms)
			RebuildTransferFunctionScriptingTraits (0ms)
			SetupTypeCache (192ms)
			ReleaseScriptCaches (0ms)
			RebuildScriptCaches (38ms)
			SetupLoadedEditorAssemblies (225ms)
				LogAssemblyErrors (0ms)
				InitializePlatformSupportModulesInManaged (5ms)
				SetLoadedEditorAssemblies (0ms)
				RefreshPlugins (77ms)
				BeforeProcessingInitializeOnLoad (11ms)
				ProcessInitializeOnLoadAttributes (96ms)
				ProcessInitializeOnLoadMethodAttributes (34ms)
				AfterProcessingInitializeOnLoad (0ms)
				EditorAssembliesLoaded (0ms)
			ExecutionOrderSort2 (0ms)
			AwakeInstancesAfterBackupRestoration (0ms)
Platform modules already initialized, skipping
Registering precompiled user dll's ...
Registered in 0.008913 seconds.
Begin MonoManager ReloadAssembly
Native extension for WindowsStandalone target not found
Refreshing native plugins compatible for Editor in 1.04 ms, found 2 plugins.
Preloading 0 native plugins for Editor in 0.00 ms.
Mono: successfully reloaded assembly
- Completed reload, in  1.351 seconds
Domain Reload Profiling:
	ReloadAssembly (1352ms)
		BeginReloadAssembly (197ms)
			ExecutionOrderSort (0ms)
			DisableScriptedObjects (6ms)
			BackupInstance (0ms)
			ReleaseScriptingObjects (0ms)
			CreateAndSetChildDomain (20ms)
		EndReloadAssembly (1076ms)
			LoadAssemblies (150ms)
			RebuildTransferFunctionScriptingTraits (0ms)
			SetupTypeCache (346ms)
			ReleaseScriptCaches (0ms)
			RebuildScriptCaches (57ms)
			SetupLoadedEditorAssemblies (442ms)
				LogAssemblyErrors (0ms)
				InitializePlatformSupportModulesInManaged (5ms)
				SetLoadedEditorAssemblies (1ms)
				RefreshPlugins (1ms)
				BeforeProcessingInitializeOnLoad (95ms)
				ProcessInitializeOnLoadAttributes (254ms)
				ProcessInitializeOnLoadMethodAttributes (78ms)
				AfterProcessingInitializeOnLoad (9ms)
				EditorAssembliesLoaded (0ms)
			ExecutionOrderSort2 (0ms)
			AwakeInstancesAfterBackupRestoration (7ms)
Platform modules already initialized, skipping
========================================================================
Worker process is ready to serve import requests
Launched and connected shader compiler UnityShaderCompiler.exe after 0.08 seconds
Refreshing native plugins compatible for Editor in 1.00 ms, found 2 plugins.
Preloading 0 native plugins for Editor in 0.00 ms.
Unloading 2169 Unused Serialized files (Serialized files now loaded: 0)
System memory in use before: 88.1 MB.
System memory in use after: 88.2 MB.

Unloading 59 unused Assets to reduce memory usage. Loaded Objects now: 2579.
Total: 7.394400 ms (FindLiveObjects: 0.180600 ms CreateObjectMapping: 0.095600 ms MarkObjects: 7.030900 ms  DeleteObjects: 0.086200 ms)

AssetImportParameters requested are different than current active one (requested -> active):
  custom:framework-win-MediaFoundation: 216162199b28c13a410421893ffa2e32 -> 
  custom:video-decoder-ogg-theora: a1e56fd34408186e4bbccfd4996cb3dc -> 
  custom:container-muxer-webm: aa71ff27fc2769a1b78a27578f13a17b -> 
  custom:container-demuxer-webm: 4f35f7cbe854078d1ac9338744f61a02 -> 
  custom:container-demuxer-ogg: 62fdf1f143b41e24485cea50d1cbac27 -> 
  custom:video-encoder-webm-vp8: eb34c28f22e8b96e1ab97ce403110664 -> 
  custom:video-codec-MediaFoundation-h265: 746d11721c4dcdbdad8f713fa42b33f4 -> 
  custom:video-decoder-webm-vp8: 9c59270c3fd7afecdb556c50c9e8de78 -> 
  custom:audio-decoder-ogg-vorbis: bf7c407c2cedff20999df2af8eb42d56 -> 
  custom:audio-encoder-webm-vorbis: bf7c407c2cedff20999df2af8eb42d56 -> 
========================================================================
Received Import Request.
  path: Assets/KindsOfMaterial/PolygonFarm/Materials/Misc/PolygonFarm_Plastic.mat
  artifactKey: Guid(bf715e35a7149c64fb0e3abb0c735c34) Importer(815301076,1909f56bfc062723c751e8b465ee728b)
Start importing Assets/KindsOfMaterial/PolygonFarm/Materials/Misc/PolygonFarm_Plastic.mat using Guid(bf715e35a7149c64fb0e3abb0c735c34) Importer(815301076,1909f56bfc062723c751e8b465ee728b)  -> (artifact id: 'c21fdd8c29cc74e0afa1dc1ae69935a3') in 0.395095 seconds 
========================================================================
Received Import Request.
  Time since last request: 0.000301 seconds.
  path: Assets/KindsOfMaterial/PolygonFarm/Materials/Misc/FX_Default.mat
  artifactKey: Guid(0c6ceb865a050c64683892d8aa073844) Importer(815301076,1909f56bfc062723c751e8b465ee728b)
Start importing Assets/KindsOfMaterial/PolygonFarm/Materials/Misc/FX_Default.mat using Guid(0c6ceb865a050c64683892d8aa073844) Importer(815301076,1909f56bfc062723c751e8b465ee728b)  -> (artifact id: 'ad15f8604a2891e5775d13a938decea1') in 0.091531 seconds 
========================================================================
Received Import Request.
  Time since last request: 0.000406 seconds.
  path: Assets/KindsOfMaterial/PolygonFarm/Models/SM_Env_Dirt_Rows_Mounds_01.fbx
  artifactKey: Guid(6302899dc8cce95418c6244c53198b29) Importer(815301076,1909f56bfc062723c751e8b465ee728b)
Start importing Assets/KindsOfMaterial/PolygonFarm/Models/SM_Env_Dirt_Rows_Mounds_01.fbx using Guid(6302899dc8cce95418c6244c53198b29) Importer(815301076,1909f56bfc062723c751e8b465ee728b)  -> (artifact id: '27b9b7e9475d9002998d5dec374fc55f') in 0.507597 seconds 
========================================================================
Received Import Request.
  Time since last request: 0.000310 seconds.
  path: Assets/KindsOfMaterial/PolygonFarm/Models/SM_Env_Dirt_Skirt_01.fbx
  artifactKey: Guid(b3bca7a433b7a9549af0b0b486f29472) Importer(815301076,1909f56bfc062723c751e8b465ee728b)
Start importing Assets/KindsOfMaterial/PolygonFarm/Models/SM_Env_Dirt_Skirt_01.fbx using Guid(b3bca7a433b7a9549af0b0b486f29472) Importer(815301076,1909f56bfc062723c751e8b465ee728b)  -> (artifact id: 'f296bc7c785d9ecadaf1a502b1ba0888') in 0.032073 seconds 
========================================================================
Received Import Request.
  Time since last request: 0.000598 seconds.
  path: Assets/KindsOfMaterial/PolygonFarm/Models/Materials/PolygonFarm_Texture_01_A.mat
  artifactKey: Guid(9a9047abcfc5db544a51361c96f9328b) Importer(815301076,1909f56bfc062723c751e8b465ee728b)
Start importing Assets/KindsOfMaterial/PolygonFarm/Models/Materials/PolygonFarm_Texture_01_A.mat using Guid(9a9047abcfc5db544a51361c96f9328b) Importer(815301076,1909f56bfc062723c751e8b465ee728b)  -> (artifact id: '5704ee4b1f2b714423a0661afaab5a47') in 0.026607 seconds 
========================================================================
Received Import Request.
  Time since last request: 0.000776 seconds.
  path: Assets/KindsOfMaterial/PolygonFarm/Models/SM_Bld_Barn_03.fbx
  artifactKey: Guid(e6a06380576d3f64fa509fb077cb8dd6) Importer(815301076,1909f56bfc062723c751e8b465ee728b)
Start importing Assets/KindsOfMaterial/PolygonFarm/Models/SM_Bld_Barn_03.fbx using Guid(e6a06380576d3f64fa509fb077cb8dd6) Importer(815301076,1909f56bfc062723c751e8b465ee728b)  -> (artifact id: '597e7e13ebb36da096840af0d63bcc40') in 0.131461 seconds 
========================================================================
Received Import Request.
  Time since last request: 0.000892 seconds.
  path: Assets/KindsOfMaterial/PolygonFarm/Models/SM_Bld_Outhouse_01.fbx
  artifactKey: Guid(fcde6383b3e7d534f923f5d2947daa15) Importer(815301076,1909f56bfc062723c751e8b465ee728b)
Start importing Assets/KindsOfMaterial/PolygonFarm/Models/SM_Bld_Outhouse_01.fbx using Guid(fcde6383b3e7d534f923f5d2947daa15) Importer(815301076,1909f56bfc062723c751e8b465ee728b)  -> (artifact id: '42d0a3fa3754e1a552688fcdbef4ffcc') in 0.055970 seconds 
========================================================================
Received Import Request.
  Time since last request: 0.000309 seconds.
  path: Assets/KindsOfMaterial/PolygonFarm/Materials/Misc/Blank.mat
  artifactKey: Guid(e9d9b1fba424c5741aa50654d3c1fb06) Importer(815301076,1909f56bfc062723c751e8b465ee728b)
Start importing Assets/KindsOfMaterial/PolygonFarm/Materials/Misc/Blank.mat using Guid(e9d9b1fba424c5741aa50654d3c1fb06) Importer(815301076,1909f56bfc062723c751e8b465ee728b)  -> (artifact id: 'e237ce9023c74dd50d8e9d93f574a1fb') in 0.139204 seconds 
========================================================================
Received Import Request.
  Time since last request: 0.000316 seconds.
  path: Assets/KindsOfMaterial/PolygonFarm/Models/SM_Bld_Greenhouse_Large_01.fbx
  artifactKey: Guid(9c162c399018a4b4e827d187b04fa3b2) Importer(815301076,1909f56bfc062723c751e8b465ee728b)
Start importing Assets/KindsOfMaterial/PolygonFarm/Models/SM_Bld_Greenhouse_Large_01.fbx using Guid(9c162c399018a4b4e827d187b04fa3b2) Importer(815301076,1909f56bfc062723c751e8b465ee728b)  -> (artifact id: '23b3920c6e10647241d57b416a1c3b37') in 0.114918 seconds 
========================================================================
Received Import Request.
  Time since last request: 0.000282 seconds.
  path: Assets/KindsOfMaterial/PolygonFarm/Materials/Misc/PolygonFarm_Leaf_01.mat
  artifactKey: Guid(da5a311d3775332478c396918dda3aaa) Importer(815301076,1909f56bfc062723c751e8b465ee728b)
Start importing Assets/KindsOfMaterial/PolygonFarm/Materials/Misc/PolygonFarm_Leaf_01.mat using Guid(da5a311d3775332478c396918dda3aaa) Importer(815301076,1909f56bfc062723c751e8b465ee728b)  -> (artifact id: '5766aa9be380dc97b60d5892dccb7d6a') in 0.334454 seconds 
========================================================================
Received Import Request.
  Time since last request: 0.000276 seconds.
  path: Assets/KindsOfMaterial/PolygonFarm/Materials/PolygonFarm_02_A.mat
  artifactKey: Guid(fcf73fdc6bcbef7458fa48497bdf600a) Importer(815301076,1909f56bfc062723c751e8b465ee728b)
Start importing Assets/KindsOfMaterial/PolygonFarm/Materials/PolygonFarm_02_A.mat using Guid(fcf73fdc6bcbef7458fa48497bdf600a) Importer(815301076,1909f56bfc062723c751e8b465ee728b)  -> (artifact id: '961d1e16c0de68a3f2a89d51e7447582') in 0.353009 seconds 
========================================================================
Received Import Request.
  Time since last request: 0.000561 seconds.
  path: Assets/KindsOfMaterial/PolygonFarm/Models/Materials/PolygonFarm_Texture_01_A_2k.mat
  artifactKey: Guid(d0aa53788d635d64ebef76f112210297) Importer(815301076,1909f56bfc062723c751e8b465ee728b)
Start importing Assets/KindsOfMaterial/PolygonFarm/Models/Materials/PolygonFarm_Texture_01_A_2k.mat using Guid(d0aa53788d635d64ebef76f112210297) Importer(815301076,1909f56bfc062723c751e8b465ee728b)  -> (artifact id: '015a8e733bb03d0009f7eb368b407dc0') in 0.014030 seconds 
========================================================================
Received Import Request.
  Time since last request: 0.000401 seconds.
  path: Assets/KindsOfMaterial/PolygonFarm/Models/Materials/PolygonTown_Texture_01_A.mat
  artifactKey: Guid(8ab755c31d9faec47b7dc69b545ef506) Importer(815301076,1909f56bfc062723c751e8b465ee728b)
Start importing Assets/KindsOfMaterial/PolygonFarm/Models/Materials/PolygonTown_Texture_01_A.mat using Guid(8ab755c31d9faec47b7dc69b545ef506) Importer(815301076,1909f56bfc062723c751e8b465ee728b)  -> (artifact id: '54c027a49bc547bbda791877cf016c6c') in 0.017707 seconds 
========================================================================
Received Import Request.
  Time since last request: 0.000380 seconds.
  path: Assets/KindsOfMaterial/Kevin Iglesias/Villager Animations/Models/Other/Farm.fbx
  artifactKey: Guid(10e0ba57579c9c641ad5b5142cccb3b1) Importer(815301076,1909f56bfc062723c751e8b465ee728b)
Start importing Assets/KindsOfMaterial/Kevin Iglesias/Villager Animations/Models/Other/Farm.fbx using Guid(10e0ba57579c9c641ad5b5142cccb3b1) Importer(815301076,1909f56bfc062723c751e8b465ee728b)  -> (artifact id: '7c54f631f8b422b546a1e80249a5bfa0') in 0.025190 seconds 
========================================================================
Received Import Request.
  Time since last request: 0.000421 seconds.
  path: Assets/KindsOfMaterial/PolygonFarm/Models/SM_Env_Dirt_Rows_End_Top_01.fbx
  artifactKey: Guid(859b4c31a649e6b41ba75a36e0cbb5b5) Importer(815301076,1909f56bfc062723c751e8b465ee728b)
Start importing Assets/KindsOfMaterial/PolygonFarm/Models/SM_Env_Dirt_Rows_End_Top_01.fbx using Guid(859b4c31a649e6b41ba75a36e0cbb5b5) Importer(815301076,1909f56bfc062723c751e8b465ee728b)  -> (artifact id: 'fdc31cb89888ff7b4cab7bdcc59ff24f') in 0.021337 seconds 
========================================================================
Received Import Request.
  Time since last request: 0.000520 seconds.
  path: Assets/KindsOfMaterial/PolygonFarm/Models/Materials/lambert1.mat
  artifactKey: Guid(c0fdb55b4542f844b8f922b5b74320a6) Importer(815301076,1909f56bfc062723c751e8b465ee728b)
Start importing Assets/KindsOfMaterial/PolygonFarm/Models/Materials/lambert1.mat using Guid(c0fdb55b4542f844b8f922b5b74320a6) Importer(815301076,1909f56bfc062723c751e8b465ee728b)  -> (artifact id: '0cb402d0d85907c039252359bacd8436') in 0.015472 seconds 
========================================================================
Received Import Request.
  Time since last request: 0.000398 seconds.
  path: Assets/KindsOfMaterial/PolygonFarm/Materials/Alts/PolygonFarm_01_C.mat
  artifactKey: Guid(b782a0026f3ce734ca45bd2ed7076f41) Importer(815301076,1909f56bfc062723c751e8b465ee728b)
Start importing Assets/KindsOfMaterial/PolygonFarm/Materials/Alts/PolygonFarm_01_C.mat using Guid(b782a0026f3ce734ca45bd2ed7076f41) Importer(815301076,1909f56bfc062723c751e8b465ee728b)  -> (artifact id: 'edbc64610d99843725ec3a717f941e14') in 0.027263 seconds 
========================================================================
Received Import Request.
  Time since last request: 0.000533 seconds.
  path: Assets/KindsOfMaterial/Kevin Iglesias/Villager Animations/Animations/Left Turn.fbx
  artifactKey: Guid(f606cb52d5273ad47825d186052844cc) Importer(815301076,1909f56bfc062723c751e8b465ee728b)
Start importing Assets/KindsOfMaterial/Kevin Iglesias/Villager Animations/Animations/Left Turn.fbx using Guid(f606cb52d5273ad47825d186052844cc) Importer(815301076,1909f56bfc062723c751e8b465ee728b)  -> (artifact id: 'cb6b79432a3fc1abd62ed130c0580c25') in 0.017083 seconds 
========================================================================
Received Import Request.
  Time since last request: 0.000650 seconds.
  path: Assets/KindsOfMaterial/PolygonFarm/Models/SM_Bld_Silo_Small_01.fbx
  artifactKey: Guid(c3fac65eab29fd44d9181cbffe7f4dfa) Importer(815301076,1909f56bfc062723c751e8b465ee728b)
Start importing Assets/KindsOfMaterial/PolygonFarm/Models/SM_Bld_Silo_Small_01.fbx using Guid(c3fac65eab29fd44d9181cbffe7f4dfa) Importer(815301076,1909f56bfc062723c751e8b465ee728b)  -> (artifact id: '84d7846d4c7956ebbd0d0664182bc6c2') in 0.027354 seconds 
========================================================================
Received Import Request.
  Time since last request: 0.000334 seconds.
  path: Assets/KindsOfMaterial/PolygonFarm/Models/SM_Bld_Silo_02.fbx
  artifactKey: Guid(f3c99fa76fd9f8544999eb37b255c7c0) Importer(815301076,1909f56bfc062723c751e8b465ee728b)
Start importing Assets/KindsOfMaterial/PolygonFarm/Models/SM_Bld_Silo_02.fbx using Guid(f3c99fa76fd9f8544999eb37b255c7c0) Importer(815301076,1909f56bfc062723c751e8b465ee728b)  -> (artifact id: '07454b64e1ee740f378a726398223cf5') in 0.024555 seconds 
========================================================================
Received Import Request.
  Time since last request: 0.000724 seconds.
  path: Assets/KindsOfMaterial/PolygonFarm/Materials/Misc/Wheat_Particle.mat
  artifactKey: Guid(4eca7cd9082e1ad46872adfe0c6f353d) Importer(815301076,1909f56bfc062723c751e8b465ee728b)
Start importing Assets/KindsOfMaterial/PolygonFarm/Materials/Misc/Wheat_Particle.mat using Guid(4eca7cd9082e1ad46872adfe0c6f353d) Importer(815301076,1909f56bfc062723c751e8b465ee728b)  -> (artifact id: '646d868c6c92de332ae548629428b461') in 0.017723 seconds 
========================================================================
Received Import Request.
  Time since last request: 0.000615 seconds.
  path: Assets/KindsOfMaterial/PolygonFarm/Models/SM_Env_Flowers_01.fbx
  artifactKey: Guid(f3c558f35dcff0543984d9d631004651) Importer(815301076,1909f56bfc062723c751e8b465ee728b)
Start importing Assets/KindsOfMaterial/PolygonFarm/Models/SM_Env_Flowers_01.fbx using Guid(f3c558f35dcff0543984d9d631004651) Importer(815301076,1909f56bfc062723c751e8b465ee728b)  -> (artifact id: 'f48fb46def6181a2bfef19cba532f31f') in 0.023561 seconds 
========================================================================
Received Import Request.
  Time since last request: 0.000324 seconds.
  path: Assets/KindsOfMaterial/PolygonFarm/Models/SM_Bld_ConcreteBase_01.fbx
  artifactKey: Guid(a528c335b891f2647881fe80d82729fa) Importer(815301076,1909f56bfc062723c751e8b465ee728b)
Start importing Assets/KindsOfMaterial/PolygonFarm/Models/SM_Bld_ConcreteBase_01.fbx using Guid(a528c335b891f2647881fe80d82729fa) Importer(815301076,1909f56bfc062723c751e8b465ee728b)  -> (artifact id: 'fe8d330297704cd7708bff33c6782347') in 0.022153 seconds 
========================================================================
Received Import Request.
  Time since last request: 0.000539 seconds.
  path: Assets/KindsOfMaterial/PolygonFarm/Materials/Alts/PolygonFarm_02_B.mat
  artifactKey: Guid(238068fd67f0d3f468362f86083e01a4) Importer(815301076,1909f56bfc062723c751e8b465ee728b)
Start importing Assets/KindsOfMaterial/PolygonFarm/Materials/Alts/PolygonFarm_02_B.mat using Guid(238068fd67f0d3f468362f86083e01a4) Importer(815301076,1909f56bfc062723c751e8b465ee728b)  -> (artifact id: 'c2d053422bc0b01d9a41dfc475478d8a') in 0.022245 seconds 
========================================================================
Received Import Request.
  Time since last request: 0.000316 seconds.
  path: Assets/KindsOfMaterial/PolygonFarm/Materials/Misc/Circle_Particle.mat
  artifactKey: Guid(f3053f8556ff7cf4fb59de5cf109104e) Importer(815301076,1909f56bfc062723c751e8b465ee728b)
Start importing Assets/KindsOfMaterial/PolygonFarm/Materials/Misc/Circle_Particle.mat using Guid(f3053f8556ff7cf4fb59de5cf109104e) Importer(815301076,1909f56bfc062723c751e8b465ee728b)  -> (artifact id: '350e98e8c017db26120802510293e4f3') in 0.019609 seconds 
========================================================================
Received Import Request.
  Time since last request: 0.000409 seconds.
  path: Assets/KindsOfMaterial/Kevin Iglesias/Villager Animations/Models/Buildings/BuildingCamp.fbx
  artifactKey: Guid(68680bbd2b35e5149aab34bbbca8cf3c) Importer(815301076,1909f56bfc062723c751e8b465ee728b)
Start importing Assets/KindsOfMaterial/Kevin Iglesias/Villager Animations/Models/Buildings/BuildingCamp.fbx using Guid(68680bbd2b35e5149aab34bbbca8cf3c) Importer(815301076,1909f56bfc062723c751e8b465ee728b)  -> (artifact id: 'e9031700fd0dd2310e3ee6f1d5d779fe') in 0.020794 seconds 
========================================================================
Received Import Request.
  Time since last request: 0.000503 seconds.
  path: Assets/KindsOfMaterial/Kevin Iglesias/Villager Animations/Prefabs/Human Villager/VillagerFisherman.prefab
  artifactKey: Guid(c86589473eb08e040b9078d832a2d4b3) Importer(815301076,1909f56bfc062723c751e8b465ee728b)
Start importing Assets/KindsOfMaterial/Kevin Iglesias/Villager Animations/Prefabs/Human Villager/VillagerFisherman.prefab using Guid(c86589473eb08e040b9078d832a2d4b3) Importer(815301076,1909f56bfc062723c751e8b465ee728b)  -> (artifact id: '4f8a3d81679df1afd5a49ef6b53364ff') in 0.266163 seconds 
========================================================================
Received Import Request.
  Time since last request: 0.000354 seconds.
  path: Assets/KindsOfMaterial/PolygonFarm/Models/SM_Bld_Silo_01.fbx
  artifactKey: Guid(b00e16df74fa77640b1d0d01680cf393) Importer(815301076,1909f56bfc062723c751e8b465ee728b)
Start importing Assets/KindsOfMaterial/PolygonFarm/Models/SM_Bld_Silo_01.fbx using Guid(b00e16df74fa77640b1d0d01680cf393) Importer(815301076,1909f56bfc062723c751e8b465ee728b)  -> (artifact id: 'aa2d0b13d3268f9ba14c058152a56e2a') in 0.022083 seconds 
========================================================================
Received Import Request.
  Time since last request: 0.000648 seconds.
  path: Assets/KindsOfMaterial/PolygonFarm/Materials/Alts/PolygonFarm_03_C.mat
  artifactKey: Guid(943bedeade8ffa44fb60a749d8f1a395) Importer(815301076,1909f56bfc062723c751e8b465ee728b)
Start importing Assets/KindsOfMaterial/PolygonFarm/Materials/Alts/PolygonFarm_03_C.mat using Guid(943bedeade8ffa44fb60a749d8f1a395) Importer(815301076,1909f56bfc062723c751e8b465ee728b)  -> (artifact id: '724bd16ad8cb8bb528b5424cb7dc1744') in 0.024469 seconds 
========================================================================
Received Import Request.
  Time since last request: 0.000394 seconds.
  path: Assets/KindsOfMaterial/Kevin Iglesias/Villager Animations/Prefabs/Human Villager/VillagerBuilder.prefab
  artifactKey: Guid(8636a621b3ea3fb4a902553949b6adab) Importer(815301076,1909f56bfc062723c751e8b465ee728b)
Start importing Assets/KindsOfMaterial/Kevin Iglesias/Villager Animations/Prefabs/Human Villager/VillagerBuilder.prefab using Guid(8636a621b3ea3fb4a902553949b6adab) Importer(815301076,1909f56bfc062723c751e8b465ee728b)  -> (artifact id: '7d8ee0c47a824f778036f62a113cbe45') in 0.026318 seconds 
========================================================================
Received Import Request.
  Time since last request: 0.000456 seconds.
  path: Assets/KindsOfMaterial/PolygonFarm/Models/FX_SprayerLocation.fbx
  artifactKey: Guid(707ed1a1111464047a27c7af016c2441) Importer(815301076,1909f56bfc062723c751e8b465ee728b)
Start importing Assets/KindsOfMaterial/PolygonFarm/Models/FX_SprayerLocation.fbx using Guid(707ed1a1111464047a27c7af016c2441) Importer(815301076,1909f56bfc062723c751e8b465ee728b)  -> (artifact id: '6c32b1b00a4fa0593b9bdca85d45d997') in 0.021623 seconds 
========================================================================
Received Import Request.
  Time since last request: 0.000536 seconds.
  path: Assets/KindsOfMaterial/PolygonFarm/Models/SM_Bld_ProduceStand_01.fbx
  artifactKey: Guid(d76aea9ab6052b04b8613088b3844695) Importer(815301076,1909f56bfc062723c751e8b465ee728b)
Start importing Assets/KindsOfMaterial/PolygonFarm/Models/SM_Bld_ProduceStand_01.fbx using Guid(d76aea9ab6052b04b8613088b3844695) Importer(815301076,1909f56bfc062723c751e8b465ee728b)  -> (artifact id: '49012c79cf103c9edd0fcfcf45d199ec') in 0.019618 seconds 
========================================================================
Received Import Request.
  Time since last request: 0.000642 seconds.
  path: Assets/KindsOfMaterial/PolygonFarm/Materials/PolygonFarm_04_A.mat
  artifactKey: Guid(d2bc36813fbd80e4a82b18b186f8c475) Importer(815301076,1909f56bfc062723c751e8b465ee728b)
Start importing Assets/KindsOfMaterial/PolygonFarm/Materials/PolygonFarm_04_A.mat using Guid(d2bc36813fbd80e4a82b18b186f8c475) Importer(815301076,1909f56bfc062723c751e8b465ee728b)  -> (artifact id: '87a519124fcbb493305200b47e8d9e1c') in 0.025742 seconds 
========================================================================
Received Import Request.
  Time since last request: 0.000369 seconds.
  path: Assets/KindsOfMaterial/PolygonFarm/Models/SM_Chr_Attach_CowboyHat_02.fbx
  artifactKey: Guid(af3f2ca6b42d8ed48b5f00e91498d555) Importer(815301076,1909f56bfc062723c751e8b465ee728b)
Start importing Assets/KindsOfMaterial/PolygonFarm/Models/SM_Chr_Attach_CowboyHat_02.fbx using Guid(af3f2ca6b42d8ed48b5f00e91498d555) Importer(815301076,1909f56bfc062723c751e8b465ee728b)  -> (artifact id: '2202a1fad65ca04bfb32b3910b41f50d') in 0.020905 seconds 
========================================================================
Received Import Request.
  Time since last request: 0.000550 seconds.
  path: Assets/KindsOfMaterial/Kevin Iglesias/Villager Animations/Models/Other/Ground.fbx
  artifactKey: Guid(04748ebc2024d1947bf42e81d65587a8) Importer(815301076,1909f56bfc062723c751e8b465ee728b)
Start importing Assets/KindsOfMaterial/Kevin Iglesias/Villager Animations/Models/Other/Ground.fbx using Guid(04748ebc2024d1947bf42e81d65587a8) Importer(815301076,1909f56bfc062723c751e8b465ee728b)  -> (artifact id: '9a86779e9a586c787bd3fe59d941dd77') in 0.020222 seconds 
========================================================================
Received Import Request.
  Time since last request: 0.000373 seconds.
  path: Assets/KindsOfMaterial/PolygonFarm/Models/SM_Bld_Garage_01.fbx
  artifactKey: Guid(65793fc4a52d7124cbbf02462dbb6499) Importer(815301076,1909f56bfc062723c751e8b465ee728b)
Start importing Assets/KindsOfMaterial/PolygonFarm/Models/SM_Bld_Garage_01.fbx using Guid(65793fc4a52d7124cbbf02462dbb6499) Importer(815301076,1909f56bfc062723c751e8b465ee728b)  -> (artifact id: '58b7cee919b661e556422ac17bfb52d3') in 0.036042 seconds 
========================================================================
Received Import Request.
  Time since last request: 0.000400 seconds.
  path: Assets/KindsOfMaterial/PolygonFarm/Materials/Misc/PolygonFarm_Signs_01.mat
  artifactKey: Guid(d412664aca96fa84981a7fcb1e6f22f8) Importer(815301076,1909f56bfc062723c751e8b465ee728b)
Start importing Assets/KindsOfMaterial/PolygonFarm/Materials/Misc/PolygonFarm_Signs_01.mat using Guid(d412664aca96fa84981a7fcb1e6f22f8) Importer(815301076,1909f56bfc062723c751e8b465ee728b)  -> (artifact id: 'c306ed036b57e220c6efebcb5ea7f18a') in 0.018229 seconds 
========================================================================
Received Import Request.
  Time since last request: 0.000693 seconds.
  path: Assets/KindsOfMaterial/PolygonFarm/Materials/Misc/PolygonFarm_Fence.mat
  artifactKey: Guid(2845f789a0bac5746b21033a32853739) Importer(815301076,1909f56bfc062723c751e8b465ee728b)
Start importing Assets/KindsOfMaterial/PolygonFarm/Materials/Misc/PolygonFarm_Fence.mat using Guid(2845f789a0bac5746b21033a32853739) Importer(815301076,1909f56bfc062723c751e8b465ee728b)  -> (artifact id: '8c91457bb391c7c39332ee16ef0194fd') in 0.255163 seconds 
========================================================================
Received Import Request.
  Time since last request: 0.000368 seconds.
  path: Assets/KindsOfMaterial/PolygonFarm/Materials/Alts/PolygonFarm_04_B.mat
  artifactKey: Guid(56a8f0c6c14457f48ab7b691aa942d0d) Importer(815301076,1909f56bfc062723c751e8b465ee728b)
Start importing Assets/KindsOfMaterial/PolygonFarm/Materials/Alts/PolygonFarm_04_B.mat using Guid(56a8f0c6c14457f48ab7b691aa942d0d) Importer(815301076,1909f56bfc062723c751e8b465ee728b)  -> (artifact id: '46189d78a301360817b9a2a166321966') in 0.022107 seconds 
========================================================================
Received Import Request.
  Time since last request: 0.000467 seconds.
  path: Assets/KindsOfMaterial/Kevin Iglesias/Villager Animations/Prefabs/Human Villager/VillagerHuman.prefab
  artifactKey: Guid(555aa49bf42b4234ca87d96f604338bd) Importer(815301076,1909f56bfc062723c751e8b465ee728b)
Start importing Assets/KindsOfMaterial/Kevin Iglesias/Villager Animations/Prefabs/Human Villager/VillagerHuman.prefab using Guid(555aa49bf42b4234ca87d96f604338bd) Importer(815301076,1909f56bfc062723c751e8b465ee728b)  -> (artifact id: '963ac349d93d51bab00f9cfb622e578f') in 0.023124 seconds 
========================================================================
Received Import Request.
  Time since last request: 0.000389 seconds.
  path: Assets/KindsOfMaterial/PolygonFarm/Materials/Alts/PolygonFarm_02_C.mat
  artifactKey: Guid(fce3e1dac5c5658469a304bb1d3911f5) Importer(815301076,1909f56bfc062723c751e8b465ee728b)
Start importing Assets/KindsOfMaterial/PolygonFarm/Materials/Alts/PolygonFarm_02_C.mat using Guid(fce3e1dac5c5658469a304bb1d3911f5) Importer(815301076,1909f56bfc062723c751e8b465ee728b)  -> (artifact id: '9de5faa286c12c8d6b063be36bc2a0ab') in 0.023438 seconds 
========================================================================
Received Import Request.
  Time since last request: 0.000611 seconds.
  path: Assets/KindsOfMaterial/PolygonFarm/Models/Materials/lambert853.mat
  artifactKey: Guid(7a2fc2d0685d3c7489792a8039e7347a) Importer(815301076,1909f56bfc062723c751e8b465ee728b)
Start importing Assets/KindsOfMaterial/PolygonFarm/Models/Materials/lambert853.mat using Guid(7a2fc2d0685d3c7489792a8039e7347a) Importer(815301076,1909f56bfc062723c751e8b465ee728b)  -> (artifact id: 'eb1dfe2f2c879811da9838afb6c6a3e0') in 0.016009 seconds 
========================================================================
Received Import Request.
  Time since last request: 0.000438 seconds.
  path: Assets/KindsOfMaterial/Kevin Iglesias/Villager Animations/Materials/VillagerMaterial.mat
  artifactKey: Guid(8f772b3b80bbe084eb02b378f58b4551) Importer(815301076,1909f56bfc062723c751e8b465ee728b)
Start importing Assets/KindsOfMaterial/Kevin Iglesias/Villager Animations/Materials/VillagerMaterial.mat using Guid(8f772b3b80bbe084eb02b378f58b4551) Importer(815301076,1909f56bfc062723c751e8b465ee728b)  -> (artifact id: '677f073ec977cb41611cab773e355c13') in 0.017382 seconds 
========================================================================
Received Import Request.
  Time since last request: 0.000383 seconds.
  path: Assets/KindsOfMaterial/Kevin Iglesias/Villager Animations/Models/Other/BerryBushes.fbx
  artifactKey: Guid(7688a6962527bde4d83b00e2a45ec107) Importer(815301076,1909f56bfc062723c751e8b465ee728b)
Start importing Assets/KindsOfMaterial/Kevin Iglesias/Villager Animations/Models/Other/BerryBushes.fbx using Guid(7688a6962527bde4d83b00e2a45ec107) Importer(815301076,1909f56bfc062723c751e8b465ee728b)  -> (artifact id: 'a926a15b0740b0f9d7374ed13bb5dc3d') in 0.023706 seconds 
========================================================================
Received Import Request.
  Time since last request: 0.000361 seconds.
  path: Assets/KindsOfMaterial/PolygonFarm/Models/SM_Bld_WaterTower_01.fbx
  artifactKey: Guid(4da63b16fe78b234bb70256e6d84c3a5) Importer(815301076,1909f56bfc062723c751e8b465ee728b)
Start importing Assets/KindsOfMaterial/PolygonFarm/Models/SM_Bld_WaterTower_01.fbx using Guid(4da63b16fe78b234bb70256e6d84c3a5) Importer(815301076,1909f56bfc062723c751e8b465ee728b)  -> (artifact id: 'df87dba9846e85c87b7ffd7a3b0949ea') in 0.023738 seconds 
========================================================================
Received Import Request.
  Time since last request: 0.000661 seconds.
  path: Assets/KindsOfMaterial/PolygonFarm/Models/pPlane1.fbx
  artifactKey: Guid(9a7ab19d77909114e955bc8f0a8d8b4b) Importer(815301076,1909f56bfc062723c751e8b465ee728b)
Start importing Assets/KindsOfMaterial/PolygonFarm/Models/pPlane1.fbx using Guid(9a7ab19d77909114e955bc8f0a8d8b4b) Importer(815301076,1909f56bfc062723c751e8b465ee728b)  -> (artifact id: '4b182636b839041a2e40ee94aadd1bfa') in 0.023031 seconds 
========================================================================
Received Import Request.
  Time since last request: 0.000560 seconds.
  path: Assets/KindsOfMaterial/PolygonFarm/Models/SM_Chr_Attach_Cap_02.fbx
  artifactKey: Guid(eed2f80ee4abee14a86c31a838df5e00) Importer(815301076,1909f56bfc062723c751e8b465ee728b)
Start importing Assets/KindsOfMaterial/PolygonFarm/Models/SM_Chr_Attach_Cap_02.fbx using Guid(eed2f80ee4abee14a86c31a838df5e00) Importer(815301076,1909f56bfc062723c751e8b465ee728b)  -> (artifact id: '95aae50541aa510c614a4a86d75828fa') in 0.024510 seconds 
========================================================================
Received Import Request.
  Time since last request: 0.000465 seconds.
  path: Assets/KindsOfMaterial/PolygonFarm/Models/SM_Bld_Silo_Base_01.fbx
  artifactKey: Guid(2f454bb8bea18264aac1e09b7a11163e) Importer(815301076,1909f56bfc062723c751e8b465ee728b)
Start importing Assets/KindsOfMaterial/PolygonFarm/Models/SM_Bld_Silo_Base_01.fbx using Guid(2f454bb8bea18264aac1e09b7a11163e) Importer(815301076,1909f56bfc062723c751e8b465ee728b)  -> (artifact id: 'e9fded7cf7befe2ae5163d06d9e8a455') in 0.023449 seconds 
========================================================================
Received Import Request.
  Time since last request: 0.000276 seconds.
  path: Assets/KindsOfMaterial/PolygonFarm/Models/SM_Chr_Attach_ScarecrowHat_01.fbx
  artifactKey: Guid(7219a87cc11a26e4ba5ab62e9626586f) Importer(815301076,1909f56bfc062723c751e8b465ee728b)
Start importing Assets/KindsOfMaterial/PolygonFarm/Models/SM_Chr_Attach_ScarecrowHat_01.fbx using Guid(7219a87cc11a26e4ba5ab62e9626586f) Importer(815301076,1909f56bfc062723c751e8b465ee728b)  -> (artifact id: 'd5a76ed3ce2a5cb5b0a18ff508f2ab28') in 0.025909 seconds 
========================================================================
Received Import Request.
  Time since last request: 0.000286 seconds.
  path: Assets/KindsOfMaterial/PolygonFarm/Materials/PolygonFarm_03_A.mat
  artifactKey: Guid(a366bdc638fe7e54b84cefd5ce0be9cd) Importer(815301076,1909f56bfc062723c751e8b465ee728b)
Start importing Assets/KindsOfMaterial/PolygonFarm/Materials/PolygonFarm_03_A.mat using Guid(a366bdc638fe7e54b84cefd5ce0be9cd) Importer(815301076,1909f56bfc062723c751e8b465ee728b)  -> (artifact id: '35d89e906f0cb9db74d20b59538580a6') in 0.021507 seconds 
========================================================================
Received Import Request.
  Time since last request: 0.000381 seconds.
  path: Assets/KindsOfMaterial/PolygonFarm/Models/Characters.fbx
  artifactKey: Guid(0125309e38bea8a48bc578cf8f220634) Importer(815301076,1909f56bfc062723c751e8b465ee728b)
Start importing Assets/KindsOfMaterial/PolygonFarm/Models/Characters.fbx using Guid(0125309e38bea8a48bc578cf8f220634) Importer(815301076,1909f56bfc062723c751e8b465ee728b)  -> (artifact id: '20458319fcef6664426f114cf04443ea') in 0.089439 seconds 
========================================================================
Received Import Request.
  Time since last request: 0.000302 seconds.
  path: Assets/KindsOfMaterial/Kevin Iglesias/Villager Animations/Animations/Right Turn.fbx
  artifactKey: Guid(5cd9ddda5cb06d543b099876c58103ad) Importer(815301076,1909f56bfc062723c751e8b465ee728b)
Start importing Assets/KindsOfMaterial/Kevin Iglesias/Villager Animations/Animations/Right Turn.fbx using Guid(5cd9ddda5cb06d543b099876c58103ad) Importer(815301076,1909f56bfc062723c751e8b465ee728b)  -> (artifact id: '86296892808d9c60df50640d87231494') in 0.010834 seconds 
========================================================================
Received Import Request.
  Time since last request: 0.000411 seconds.
  path: Assets/KindsOfMaterial/Kevin Iglesias/Villager Animations/Animations/Slow Run.fbx
  artifactKey: Guid(7474db931555649498a04d3720530c87) Importer(815301076,1909f56bfc062723c751e8b465ee728b)
Start importing Assets/KindsOfMaterial/Kevin Iglesias/Villager Animations/Animations/Slow Run.fbx using Guid(7474db931555649498a04d3720530c87) Importer(815301076,1909f56bfc062723c751e8b465ee728b)  -> (artifact id: '9b6a8908cda69b98e4da6702e68e0273') in 0.014268 seconds 
========================================================================
Received Import Request.
  Time since last request: 0.000508 seconds.
  path: Assets/KindsOfMaterial/PolygonFarm/Models/SM_Env_Dirt_Rows_01.fbx
  artifactKey: Guid(cc2d8efd7b1471e4996fff619e2800cc) Importer(815301076,1909f56bfc062723c751e8b465ee728b)
Start importing Assets/KindsOfMaterial/PolygonFarm/Models/SM_Env_Dirt_Rows_01.fbx using Guid(cc2d8efd7b1471e4996fff619e2800cc) Importer(815301076,1909f56bfc062723c751e8b465ee728b)  -> (artifact id: '869a6d077323ba5799a656c016fc2eb0') in 0.025200 seconds 
========================================================================
Received Import Request.
  Time since last request: 0.000686 seconds.
  path: Assets/KindsOfMaterial/PolygonFarm/ReclaimedLand.fbx
  artifactKey: Guid(2ce1b2c146c1df143b6c9d391c40072f) Importer(815301076,1909f56bfc062723c751e8b465ee728b)
Start importing Assets/KindsOfMaterial/PolygonFarm/ReclaimedLand.fbx using Guid(2ce1b2c146c1df143b6c9d391c40072f) Importer(815301076,1909f56bfc062723c751e8b465ee728b)  -> (artifact id: '3f21f26a4990130f65e4ab15e5e20691') in 0.024100 seconds 
========================================================================
Received Import Request.
  Time since last request: 0.000521 seconds.
  path: Assets/KindsOfMaterial/PolygonFarm/Models/SM_Env_Dirt_Rows_Skirt_01.fbx
  artifactKey: Guid(0b97703979089cd40a1151f2be3067e2) Importer(815301076,1909f56bfc062723c751e8b465ee728b)
Start importing Assets/KindsOfMaterial/PolygonFarm/Models/SM_Env_Dirt_Rows_Skirt_01.fbx using Guid(0b97703979089cd40a1151f2be3067e2) Importer(815301076,1909f56bfc062723c751e8b465ee728b)  -> (artifact id: '877d1d89cd576ed11f00c1d3d106b15d') in 0.023725 seconds 
========================================================================
Received Import Request.
  Time since last request: 0.000342 seconds.
  path: Assets/KindsOfMaterial/PolygonFarm/Models/SM_Env_Dirt_Rows_End_Bottom_01.fbx
  artifactKey: Guid(5ea733c7f4d2f824f9e986b189e70a2a) Importer(815301076,1909f56bfc062723c751e8b465ee728b)
Start importing Assets/KindsOfMaterial/PolygonFarm/Models/SM_Env_Dirt_Rows_End_Bottom_01.fbx using Guid(5ea733c7f4d2f824f9e986b189e70a2a) Importer(815301076,1909f56bfc062723c751e8b465ee728b)  -> (artifact id: 'c4bf5908d47c11b4d47ec2ae8b057bd2') in 0.021557 seconds 
========================================================================
Received Import Request.
  Time since last request: 0.000403 seconds.
  path: Assets/KindsOfMaterial/PolygonFarm/Models/SM_Chr_Attach_Wheat_01.fbx
  artifactKey: Guid(0db71e1297b5ff2438dbad9b03de1a58) Importer(815301076,1909f56bfc062723c751e8b465ee728b)
Start importing Assets/KindsOfMaterial/PolygonFarm/Models/SM_Chr_Attach_Wheat_01.fbx using Guid(0db71e1297b5ff2438dbad9b03de1a58) Importer(815301076,1909f56bfc062723c751e8b465ee728b)  -> (artifact id: 'ab38d0d5518cc7df6a360c92a13f50d2') in 0.023194 seconds 
========================================================================
Received Import Request.
  Time since last request: 0.000556 seconds.
  path: Assets/KindsOfMaterial/Kevin Iglesias/Villager Animations/Models/Other/GoldOre.fbx
  artifactKey: Guid(638e7fa3cceb8f64c99510371c250a72) Importer(815301076,1909f56bfc062723c751e8b465ee728b)
Start importing Assets/KindsOfMaterial/Kevin Iglesias/Villager Animations/Models/Other/GoldOre.fbx using Guid(638e7fa3cceb8f64c99510371c250a72) Importer(815301076,1909f56bfc062723c751e8b465ee728b)  -> (artifact id: '08f101d349897db95d285a3e24b32356') in 0.020147 seconds 
========================================================================
Received Import Request.
  Time since last request: 0.000600 seconds.
  path: Assets/KindsOfMaterial/PolygonFarm/Materials/Misc/PolygonFarm_Glass.mat
  artifactKey: Guid(5ad23908d1f12ef408aa3e1fffa3edb1) Importer(815301076,1909f56bfc062723c751e8b465ee728b)
Start importing Assets/KindsOfMaterial/PolygonFarm/Materials/Misc/PolygonFarm_Glass.mat using Guid(5ad23908d1f12ef408aa3e1fffa3edb1) Importer(815301076,1909f56bfc062723c751e8b465ee728b)  -> (artifact id: 'e99abd99cfc5d824ff56e7911951b646') in 0.210259 seconds 
========================================================================
Received Import Request.
  Time since last request: 0.000291 seconds.
  path: Assets/KindsOfMaterial/PolygonFarm/Models/SM_Env_Lillypads_02.fbx
  artifactKey: Guid(23a46afddf7102c439a25f3afce5c274) Importer(815301076,1909f56bfc062723c751e8b465ee728b)
Start importing Assets/KindsOfMaterial/PolygonFarm/Models/SM_Env_Lillypads_02.fbx using Guid(23a46afddf7102c439a25f3afce5c274) Importer(815301076,1909f56bfc062723c751e8b465ee728b)  -> (artifact id: '8ee47b2e08566b1b743aadb1d504814b') in 0.020859 seconds 
========================================================================
Received Import Request.
  Time since last request: 0.000449 seconds.
  path: Assets/KindsOfMaterial/PolygonFarm/Models/SM_Env_Pond_01.fbx
  artifactKey: Guid(960ae9bb3445d734aaff21aa5b3951d5) Importer(815301076,1909f56bfc062723c751e8b465ee728b)
Start importing Assets/KindsOfMaterial/PolygonFarm/Models/SM_Env_Pond_01.fbx using Guid(960ae9bb3445d734aaff21aa5b3951d5) Importer(815301076,1909f56bfc062723c751e8b465ee728b)  -> (artifact id: '6f6c5cb0638eec7aece2a338c0f1e95c') in 0.036949 seconds 
========================================================================
Received Import Request.
  Time since last request: 0.000291 seconds.
  path: Assets/KindsOfMaterial/PolygonFarm/Models/SM_Env_Flowers_03.fbx
  artifactKey: Guid(4666b2eae8d16444db674a238d558308) Importer(815301076,1909f56bfc062723c751e8b465ee728b)
Start importing Assets/KindsOfMaterial/PolygonFarm/Models/SM_Env_Flowers_03.fbx using Guid(4666b2eae8d16444db674a238d558308) Importer(815301076,1909f56bfc062723c751e8b465ee728b)  -> (artifact id: 'a2a97fd44dc23ea2e195f79b69cddcc0') in 0.020507 seconds 
========================================================================
Received Import Request.
  Time since last request: 0.000384 seconds.
  path: Assets/KindsOfMaterial/PolygonFarm/Models/SM_Env_Flowers_02.fbx
  artifactKey: Guid(688a73ad06eade14892095c2173c9990) Importer(815301076,1909f56bfc062723c751e8b465ee728b)
Start importing Assets/KindsOfMaterial/PolygonFarm/Models/SM_Env_Flowers_02.fbx using Guid(688a73ad06eade14892095c2173c9990) Importer(815301076,1909f56bfc062723c751e8b465ee728b)  -> (artifact id: '3454276ed769f02d099d82e9fcfbde9f') in 0.028328 seconds 
========================================================================
Received Import Request.
  Time since last request: 0.000430 seconds.
  path: Assets/KindsOfMaterial/PolygonFarm/Models/SM_Env_Pebbles_02.fbx
  artifactKey: Guid(d78a3c2d9eeccd94986496286c904fc5) Importer(815301076,1909f56bfc062723c751e8b465ee728b)
Start importing Assets/KindsOfMaterial/PolygonFarm/Models/SM_Env_Pebbles_02.fbx using Guid(d78a3c2d9eeccd94986496286c904fc5) Importer(815301076,1909f56bfc062723c751e8b465ee728b)  -> (artifact id: '405daf651b58af0daaa9a1fc970c46f9') in 0.021454 seconds 
========================================================================
Received Import Request.
  Time since last request: 0.000320 seconds.
  path: Assets/KindsOfMaterial/PolygonFarm/Models/SM_Env_Pebbles_01.fbx
  artifactKey: Guid(be91abf2fb88d514fa5a0821f8243e8b) Importer(815301076,1909f56bfc062723c751e8b465ee728b)
Start importing Assets/KindsOfMaterial/PolygonFarm/Models/SM_Env_Pebbles_01.fbx using Guid(be91abf2fb88d514fa5a0821f8243e8b) Importer(815301076,1909f56bfc062723c751e8b465ee728b)  -> (artifact id: 'a6df7763a9b2208e72341a62656d6b67') in 0.029856 seconds 
========================================================================
Received Import Request.
  Time since last request: 0.000255 seconds.
  path: Assets/KindsOfMaterial/PolygonFarm/Models/SM_Chr_Attach_Buckethat_01.fbx
  artifactKey: Guid(e1acf5975590a7a4a8cf3d5a42ce7c3c) Importer(815301076,1909f56bfc062723c751e8b465ee728b)
Start importing Assets/KindsOfMaterial/PolygonFarm/Models/SM_Chr_Attach_Buckethat_01.fbx using Guid(e1acf5975590a7a4a8cf3d5a42ce7c3c) Importer(815301076,1909f56bfc062723c751e8b465ee728b)  -> (artifact id: '6142aef4df5ae759c5a1afcb559d6dc0') in 0.021845 seconds 
========================================================================
Received Import Request.
  Time since last request: 0.000345 seconds.
  path: Assets/KindsOfMaterial/PolygonFarm/Models/SM_Bld_Greenhouse_01.fbx
  artifactKey: Guid(ee7fc3c1d56952642987a4da5f1e2ccd) Importer(815301076,1909f56bfc062723c751e8b465ee728b)
Start importing Assets/KindsOfMaterial/PolygonFarm/Models/SM_Bld_Greenhouse_01.fbx using Guid(ee7fc3c1d56952642987a4da5f1e2ccd) Importer(815301076,1909f56bfc062723c751e8b465ee728b)  -> (artifact id: 'd387d8e58c9f22c30874b87085d52460') in 0.062852 seconds 
========================================================================
Received Import Request.
  Time since last request: 0.000335 seconds.
  path: Assets/KindsOfMaterial/PolygonFarm/Models/SM_Bld_Barn_01.fbx
  artifactKey: Guid(3f93fa56eb3693b40aea1047a55d15b5) Importer(815301076,1909f56bfc062723c751e8b465ee728b)
Start importing Assets/KindsOfMaterial/PolygonFarm/Models/SM_Bld_Barn_01.fbx using Guid(3f93fa56eb3693b40aea1047a55d15b5) Importer(815301076,1909f56bfc062723c751e8b465ee728b)  -> (artifact id: '3d9a32961e37b54cf6d0b17bbd3b451d') in 0.079900 seconds 
========================================================================
Received Import Request.
  Time since last request: 0.000273 seconds.
  path: Assets/KindsOfMaterial/PolygonFarm/Materials/Misc/Wheat_Circle_Particle.mat
  artifactKey: Guid(7b064951c2057894d8a206ae690a5f09) Importer(815301076,1909f56bfc062723c751e8b465ee728b)
Start importing Assets/KindsOfMaterial/PolygonFarm/Materials/Misc/Wheat_Circle_Particle.mat using Guid(7b064951c2057894d8a206ae690a5f09) Importer(815301076,1909f56bfc062723c751e8b465ee728b)  -> (artifact id: '8b54fdd49d2a6de05c11c8558dc560e9') in 0.063285 seconds 
========================================================================
Received Import Request.
  Time since last request: 0.000347 seconds.
  path: Assets/KindsOfMaterial/PolygonFarm/Materials/Alts/PolygonFarm_03_B.mat
  artifactKey: Guid(3503af801ab3525419a179b6ea5dc5f6) Importer(815301076,1909f56bfc062723c751e8b465ee728b)
Start importing Assets/KindsOfMaterial/PolygonFarm/Materials/Alts/PolygonFarm_03_B.mat using Guid(3503af801ab3525419a179b6ea5dc5f6) Importer(815301076,1909f56bfc062723c751e8b465ee728b)  -> (artifact id: '9e28fab2e5706ebcb9590fe67a3dc6f6') in 0.024360 seconds 
========================================================================
Received Import Request.
  Time since last request: 0.000474 seconds.
  path: Assets/KindsOfMaterial/PolygonFarm/Materials/PolygonFarm_01_A.mat
  artifactKey: Guid(fdf18c58b725a2f469593ece1786d307) Importer(815301076,1909f56bfc062723c751e8b465ee728b)
Start importing Assets/KindsOfMaterial/PolygonFarm/Materials/PolygonFarm_01_A.mat using Guid(fdf18c58b725a2f469593ece1786d307) Importer(815301076,1909f56bfc062723c751e8b465ee728b)  -> (artifact id: '1d30230e383b16a9116df8532a60f931') in 0.154569 seconds 
========================================================================
Received Import Request.
  Time since last request: 0.000336 seconds.
  path: Assets/KindsOfMaterial/PolygonFarm/Models/SM_Chr_Attach_Cap_01.fbx
  artifactKey: Guid(d0693e9913e641a4a921e312887b47b5) Importer(815301076,1909f56bfc062723c751e8b465ee728b)
Start importing Assets/KindsOfMaterial/PolygonFarm/Models/SM_Chr_Attach_Cap_01.fbx using Guid(d0693e9913e641a4a921e312887b47b5) Importer(815301076,1909f56bfc062723c751e8b465ee728b)  -> (artifact id: '729b2e2f07edd9ada46f5f7ed7824326') in 0.022120 seconds 
========================================================================
Received Import Request.
  Time since last request: 0.000450 seconds.
  path: Assets/KindsOfMaterial/PolygonFarm/Materials/Alts/PolygonFarm_01_B.mat
  artifactKey: Guid(c32db614be2c60d4ca78417d651331b9) Importer(815301076,1909f56bfc062723c751e8b465ee728b)
Start importing Assets/KindsOfMaterial/PolygonFarm/Materials/Alts/PolygonFarm_01_B.mat using Guid(c32db614be2c60d4ca78417d651331b9) Importer(815301076,1909f56bfc062723c751e8b465ee728b)  -> (artifact id: '15daafc7dc402c107baf6d18cd9d22ff') in 0.029066 seconds 
========================================================================
Received Import Request.
  Time since last request: 0.000382 seconds.
  path: Assets/KindsOfMaterial/PolygonFarm/Materials/Misc/PolygonFarm_Water.mat
  artifactKey: Guid(a2a86c5ae886b7c44b06a6b8fa249255) Importer(815301076,1909f56bfc062723c751e8b465ee728b)
Start importing Assets/KindsOfMaterial/PolygonFarm/Materials/Misc/PolygonFarm_Water.mat using Guid(a2a86c5ae886b7c44b06a6b8fa249255) Importer(815301076,1909f56bfc062723c751e8b465ee728b)  -> (artifact id: '2d76c33a8c3e4d8fa3965b284884e904') in 0.020757 seconds 
========================================================================
Received Import Request.
  Time since last request: 0.000624 seconds.
  path: Assets/KindsOfMaterial/PolygonFarm/Models/SM_Chr_Attach_Glasses_01.fbx
  artifactKey: Guid(8a0acb4eb823a4542971d29a26c962c0) Importer(815301076,1909f56bfc062723c751e8b465ee728b)
Start importing Assets/KindsOfMaterial/PolygonFarm/Models/SM_Chr_Attach_Glasses_01.fbx using Guid(8a0acb4eb823a4542971d29a26c962c0) Importer(815301076,1909f56bfc062723c751e8b465ee728b)  -> (artifact id: '7bdc70759314d962f5f3ca7a0e4f420c') in 0.022904 seconds 
========================================================================
Received Import Request.
  Time since last request: 0.000492 seconds.
  path: Assets/KindsOfMaterial/PolygonFarm/Materials/Misc/PolygonFarm_Clouds.mat
  artifactKey: Guid(de692b10f47a331438b02e10a46a6e1d) Importer(815301076,1909f56bfc062723c751e8b465ee728b)
Start importing Assets/KindsOfMaterial/PolygonFarm/Materials/Misc/PolygonFarm_Clouds.mat using Guid(de692b10f47a331438b02e10a46a6e1d) Importer(815301076,1909f56bfc062723c751e8b465ee728b)  -> (artifact id: 'a8a5b3321bce8fd3de64d2b3b0fea587') in 0.142532 seconds 
========================================================================
Received Import Request.
  Time since last request: 0.000311 seconds.
  path: Assets/KindsOfMaterial/PolygonFarm/Models/SM_Env_Dirt_Rows_Center_01.fbx
  artifactKey: Guid(03e739b6cdbb7794ba4d306c406998e2) Importer(815301076,1909f56bfc062723c751e8b465ee728b)
Start importing Assets/KindsOfMaterial/PolygonFarm/Models/SM_Env_Dirt_Rows_Center_01.fbx using Guid(03e739b6cdbb7794ba4d306c406998e2) Importer(815301076,1909f56bfc062723c751e8b465ee728b)  -> (artifact id: '5779d3b301cb96ab67b3627eb80e1826') in 0.020197 seconds 
========================================================================
Received Import Request.
  Time since last request: 0.000572 seconds.
  path: Assets/KindsOfMaterial/PolygonFarm/Models/SM_Env_Pebbles_03.fbx
  artifactKey: Guid(04af00081d4202941828354874a36eb3) Importer(815301076,1909f56bfc062723c751e8b465ee728b)
Start importing Assets/KindsOfMaterial/PolygonFarm/Models/SM_Env_Pebbles_03.fbx using Guid(04af00081d4202941828354874a36eb3) Importer(815301076,1909f56bfc062723c751e8b465ee728b)  -> (artifact id: '6824b5ae74c093808268ea7af93ed202') in 0.024488 seconds 
========================================================================
Received Import Request.
  Time since last request: 0.000519 seconds.
  path: Assets/KindsOfMaterial/PolygonFarm/Models/SM_Env_Lillypads_01.fbx
  artifactKey: Guid(7095a572d7be34840b1d97575f527756) Importer(815301076,1909f56bfc062723c751e8b465ee728b)
Start importing Assets/KindsOfMaterial/PolygonFarm/Models/SM_Env_Lillypads_01.fbx using Guid(7095a572d7be34840b1d97575f527756) Importer(815301076,1909f56bfc062723c751e8b465ee728b)  -> (artifact id: '6c556f68a8e8e10efcb8db53acd50078') in 0.022790 seconds 
========================================================================
Received Import Request.
  Time since last request: 0.000545 seconds.
  path: Assets/KindsOfMaterial/Kevin Iglesias/Villager Animations/Prefabs/Human Villager/VillagerMiner.prefab
  artifactKey: Guid(210ea86c955a5db419b0ad0a777d2bbe) Importer(815301076,1909f56bfc062723c751e8b465ee728b)
Start importing Assets/KindsOfMaterial/Kevin Iglesias/Villager Animations/Prefabs/Human Villager/VillagerMiner.prefab using Guid(210ea86c955a5db419b0ad0a777d2bbe) Importer(815301076,1909f56bfc062723c751e8b465ee728b)  -> (artifact id: 'f12fc0c7ee1cdbc969bfc2e704b3b006') in 0.021302 seconds 
========================================================================
Received Import Request.
  Time since last request: 0.000531 seconds.
  path: Assets/KindsOfMaterial/PolygonFarm/Models/FX_Sphere.fbx
  artifactKey: Guid(219de587148d8bb41a8e255859dafe53) Importer(815301076,1909f56bfc062723c751e8b465ee728b)
Start importing Assets/KindsOfMaterial/PolygonFarm/Models/FX_Sphere.fbx using Guid(219de587148d8bb41a8e255859dafe53) Importer(815301076,1909f56bfc062723c751e8b465ee728b)  -> (artifact id: '4f5fa5f389f6558d9b70f54147402f17') in 0.020007 seconds 
========================================================================
Received Import Request.
  Time since last request: 0.000577 seconds.
  path: Assets/KindsOfMaterial/Kevin Iglesias/Villager Animations/Prefabs/Human Villager/VillagerBerryGatherer.prefab
  artifactKey: Guid(05d0ea177d971fd49bbad0bdf292aca8) Importer(815301076,1909f56bfc062723c751e8b465ee728b)
Start importing Assets/KindsOfMaterial/Kevin Iglesias/Villager Animations/Prefabs/Human Villager/VillagerBerryGatherer.prefab using Guid(05d0ea177d971fd49bbad0bdf292aca8) Importer(815301076,1909f56bfc062723c751e8b465ee728b)  -> (artifact id: 'bb275674d6dae67be1a7246fab890e63') in 0.019252 seconds 
========================================================================
Received Import Request.
  Time since last request: 0.000620 seconds.
  path: Assets/KindsOfMaterial/PolygonFarm/Models/FX_Wheat_Location.fbx
  artifactKey: Guid(59189afdb3ab82444ac66bac8f51f224) Importer(815301076,1909f56bfc062723c751e8b465ee728b)
Start importing Assets/KindsOfMaterial/PolygonFarm/Models/FX_Wheat_Location.fbx using Guid(59189afdb3ab82444ac66bac8f51f224) Importer(815301076,1909f56bfc062723c751e8b465ee728b)  -> (artifact id: '1bd81a2c90a43d5fdf97a4076536f83a') in 0.024210 seconds 
========================================================================
Received Import Request.
  Time since last request: 0.000492 seconds.
  path: Assets/KindsOfMaterial/PolygonFarm/Models/SM_Bld_Barn_02.fbx
  artifactKey: Guid(6275b76574af0284d811a9bee6b9699b) Importer(815301076,1909f56bfc062723c751e8b465ee728b)
Start importing Assets/KindsOfMaterial/PolygonFarm/Models/SM_Bld_Barn_02.fbx using Guid(6275b76574af0284d811a9bee6b9699b) Importer(815301076,1909f56bfc062723c751e8b465ee728b)  -> (artifact id: '6704da67c9e051f6b9eb129fe771f73a') in 0.077172 seconds 
========================================================================
Received Import Request.
  Time since last request: 0.000264 seconds.
  path: Assets/KindsOfMaterial/PolygonFarm/Models/SM_Env_Dirt_Mound_01.fbx
  artifactKey: Guid(9792bd5dd691e5b469247b8e72a3bc3c) Importer(815301076,1909f56bfc062723c751e8b465ee728b)
Start importing Assets/KindsOfMaterial/PolygonFarm/Models/SM_Env_Dirt_Mound_01.fbx using Guid(9792bd5dd691e5b469247b8e72a3bc3c) Importer(815301076,1909f56bfc062723c751e8b465ee728b)  -> (artifact id: '4bfcd385398662ba15edfcb891f48325') in 0.021075 seconds 
========================================================================
Received Import Request.
  Time since last request: 0.000567 seconds.
  path: Assets/KindsOfMaterial/PolygonFarm/Models/SM_Bld_Shelter_01.fbx
  artifactKey: Guid(d221feb8b79f400469f0ea3df3b66eed) Importer(815301076,1909f56bfc062723c751e8b465ee728b)
Start importing Assets/KindsOfMaterial/PolygonFarm/Models/SM_Bld_Shelter_01.fbx using Guid(d221feb8b79f400469f0ea3df3b66eed) Importer(815301076,1909f56bfc062723c751e8b465ee728b)  -> (artifact id: 'd40f2440fff3b716f360c98490927aa3') in 0.021608 seconds 
========================================================================
Received Import Request.
  Time since last request: 0.000359 seconds.
  path: Assets/KindsOfMaterial/PolygonFarm/Models/SM_Env_Dirt_01.fbx
  artifactKey: Guid(cbe0fccbc84c27b479af79284f7693a0) Importer(815301076,1909f56bfc062723c751e8b465ee728b)
Start importing Assets/KindsOfMaterial/PolygonFarm/Models/SM_Env_Dirt_01.fbx using Guid(cbe0fccbc84c27b479af79284f7693a0) Importer(815301076,1909f56bfc062723c751e8b465ee728b)  -> (artifact id: '185627350464f0323f234cc25a6f5078') in 0.021054 seconds 
========================================================================
Received Import Request.
  Time since last request: 0.000506 seconds.
  path: Assets/KindsOfMaterial/PolygonFarm/Models/SM_Bld_Farmhouse_02.fbx
  artifactKey: Guid(ea1ba4b74f4bce84d977ef4f2cdaceb3) Importer(815301076,1909f56bfc062723c751e8b465ee728b)
Start importing Assets/KindsOfMaterial/PolygonFarm/Models/SM_Bld_Farmhouse_02.fbx using Guid(ea1ba4b74f4bce84d977ef4f2cdaceb3) Importer(815301076,1909f56bfc062723c751e8b465ee728b)  -> (artifact id: 'e249bcaf1890cf50e04ffbb21236cc13') in 0.044971 seconds 
========================================================================
Received Import Request.
  Time since last request: 0.000296 seconds.
  path: Assets/KindsOfMaterial/PolygonFarm/Models/SM_Chr_Attach_CowboyHat_01.fbx
  artifactKey: Guid(acded142e73a62440ba603e077735687) Importer(815301076,1909f56bfc062723c751e8b465ee728b)
Start importing Assets/KindsOfMaterial/PolygonFarm/Models/SM_Chr_Attach_CowboyHat_01.fbx using Guid(acded142e73a62440ba603e077735687) Importer(815301076,1909f56bfc062723c751e8b465ee728b)  -> (artifact id: '9e41394de037a3124a145a9b0b751fc1') in 0.017525 seconds 
========================================================================
Received Import Request.
  Time since last request: 0.000422 seconds.
  path: Assets/KindsOfMaterial/PolygonFarm/Models/SM_Bld_Farmhouse_01.fbx
  artifactKey: Guid(5243c0c91203f794aa144f4cfbc03d95) Importer(815301076,1909f56bfc062723c751e8b465ee728b)
Start importing Assets/KindsOfMaterial/PolygonFarm/Models/SM_Bld_Farmhouse_01.fbx using Guid(5243c0c91203f794aa144f4cfbc03d95) Importer(815301076,1909f56bfc062723c751e8b465ee728b)  -> (artifact id: 'a7b49f88f8ccf664c5e04268811b1d84') in 0.059287 seconds 
========================================================================
Received Import Request.
  Time since last request: 0.000277 seconds.
  path: Assets/KindsOfMaterial/Kevin Iglesias/Villager Animations/Prefabs/Human Villager/VillagerFarmer.prefab
  artifactKey: Guid(0577306f947ebac4486c16bda41798b1) Importer(815301076,1909f56bfc062723c751e8b465ee728b)
Start importing Assets/KindsOfMaterial/Kevin Iglesias/Villager Animations/Prefabs/Human Villager/VillagerFarmer.prefab using Guid(0577306f947ebac4486c16bda41798b1) Importer(815301076,1909f56bfc062723c751e8b465ee728b)  -> (artifact id: '3d88914ab96bde48bb103d4a1f74b099') in 0.020494 seconds 
========================================================================
Received Import Request.
  Time since last request: 0.000792 seconds.
  path: Assets/KindsOfMaterial/PolygonFarm/Materials/Alts/PolygonFarm_04_C.mat
  artifactKey: Guid(407e31252bfa83c4c8d5d17cda223637) Importer(815301076,1909f56bfc062723c751e8b465ee728b)
Start importing Assets/KindsOfMaterial/PolygonFarm/Materials/Alts/PolygonFarm_04_C.mat using Guid(407e31252bfa83c4c8d5d17cda223637) Importer(815301076,1909f56bfc062723c751e8b465ee728b)  -> (artifact id: '702e2b33eb7d3db0ba8003d688ca9df2') in 0.021875 seconds 
========================================================================
Received Prepare
Refreshing native plugins compatible for Editor in 23.57 ms, found 2 plugins.
Preloading 0 native plugins for Editor in 0.00 ms.
Unloading 48 Unused Serialized files (Serialized files now loaded: 0)
System memory in use before: 50.2 MB.
System memory in use after: 50.4 MB.

Unloading 49 unused Assets to reduce memory usage. Loaded Objects now: 2625.
Total: 9.707600 ms (FindLiveObjects: 0.309100 ms CreateObjectMapping: 0.180200 ms MarkObjects: 9.160600 ms  DeleteObjects: 0.056400 ms)

AssetImportParameters requested are different than current active one (requested -> active):
  custom:framework-win-MediaFoundation: 216162199b28c13a410421893ffa2e32 -> 
  custom:video-decoder-ogg-theora: a1e56fd34408186e4bbccfd4996cb3dc -> 
  custom:container-muxer-webm: aa71ff27fc2769a1b78a27578f13a17b -> 
  custom:container-demuxer-webm: 4f35f7cbe854078d1ac9338744f61a02 -> 
  custom:container-demuxer-ogg: 62fdf1f143b41e24485cea50d1cbac27 -> 
  custom:video-encoder-webm-vp8: eb34c28f22e8b96e1ab97ce403110664 -> 
  custom:video-codec-MediaFoundation-h265: 746d11721c4dcdbdad8f713fa42b33f4 -> 
  custom:video-decoder-webm-vp8: 9c59270c3fd7afecdb556c50c9e8de78 -> 
  custom:audio-decoder-ogg-vorbis: bf7c407c2cedff20999df2af8eb42d56 -> 
  custom:audio-encoder-webm-vorbis: bf7c407c2cedff20999df2af8eb42d56 -> 
========================================================================
Received Prepare
Registering precompiled user dll's ...
Registered in 0.008337 seconds.
Begin MonoManager ReloadAssembly
Native extension for WindowsStandalone target not found
Refreshing native plugins compatible for Editor in 0.86 ms, found 2 plugins.
Preloading 0 native plugins for Editor in 0.00 ms.
Mono: successfully reloaded assembly
- Completed reload, in  1.444 seconds
Domain Reload Profiling:
	ReloadAssembly (1444ms)
		BeginReloadAssembly (209ms)
			ExecutionOrderSort (0ms)
			DisableScriptedObjects (7ms)
			BackupInstance (0ms)
			ReleaseScriptingObjects (0ms)
			CreateAndSetChildDomain (37ms)
		EndReloadAssembly (1143ms)
			LoadAssemblies (222ms)
			RebuildTransferFunctionScriptingTraits (0ms)
			SetupTypeCache (356ms)
			ReleaseScriptCaches (1ms)
			RebuildScriptCaches (43ms)
			SetupLoadedEditorAssemblies (478ms)
				LogAssemblyErrors (0ms)
				InitializePlatformSupportModulesInManaged (5ms)
				SetLoadedEditorAssemblies (1ms)
				RefreshPlugins (1ms)
				BeforeProcessingInitializeOnLoad (85ms)
				ProcessInitializeOnLoadAttributes (259ms)
				ProcessInitializeOnLoadMethodAttributes (117ms)
				AfterProcessingInitializeOnLoad (9ms)
				EditorAssembliesLoaded (0ms)
			ExecutionOrderSort2 (0ms)
			AwakeInstancesAfterBackupRestoration (9ms)
Platform modules already initialized, skipping
Refreshing native plugins compatible for Editor in 1.03 ms, found 2 plugins.
Preloading 0 native plugins for Editor in 0.00 ms.
Unloading 2157 Unused Serialized files (Serialized files now loaded: 0)
System memory in use before: 91.7 MB.
System memory in use after: 91.8 MB.

Unloading 50 unused Assets to reduce memory usage. Loaded Objects now: 2628.
Total: 6.756000 ms (FindLiveObjects: 0.161700 ms CreateObjectMapping: 0.082400 ms MarkObjects: 6.485300 ms  DeleteObjects: 0.025800 ms)

AssetImportParameters requested are different than current active one (requested -> active):
  custom:framework-win-MediaFoundation: 216162199b28c13a410421893ffa2e32 -> 
  custom:video-decoder-ogg-theora: a1e56fd34408186e4bbccfd4996cb3dc -> 
  custom:container-muxer-webm: aa71ff27fc2769a1b78a27578f13a17b -> 
  custom:container-demuxer-webm: 4f35f7cbe854078d1ac9338744f61a02 -> 
  custom:container-demuxer-ogg: 62fdf1f143b41e24485cea50d1cbac27 -> 
  custom:video-encoder-webm-vp8: eb34c28f22e8b96e1ab97ce403110664 -> 
  custom:video-codec-MediaFoundation-h265: 746d11721c4dcdbdad8f713fa42b33f4 -> 
  custom:video-decoder-webm-vp8: 9c59270c3fd7afecdb556c50c9e8de78 -> 
  custom:audio-decoder-ogg-vorbis: bf7c407c2cedff20999df2af8eb42d56 -> 
  custom:audio-encoder-webm-vorbis: bf7c407c2cedff20999df2af8eb42d56 -> 
AssetImportWorkerClient::OnTransportError - code=2 error=End of file
